# JRE version: OpenJDK Runtime Environment Temurin-22.0.2+9 (22.0.2+9) (build 22.0.2+9)
# Java VM: OpenJDK 64-Bit Server VM Temurin-22.0.2+9 (22.0.2+9, mixed mode, tiered, compressed oops, compressed class ptrs, g1 gc, bsd-amd64)
Heap:
 garbage-first heap   total reserved 2097152K, committed 189440K, used 100019K [0x0000000780000000, 0x0000000800000000)
  region size 1024K, 17 young (17408K), 8 survivors (8192K)
 Metaspace       used 143667K, committed 145856K, reserved 557056K
  class space    used 18493K, committed 19520K, reserved 425984K
GC Heap History (20 events):
Event: 76.073 GC heap before
{Heap before GC invocations=136 (full 0):
 garbage-first heap   total reserved 2097152K, committed 157696K, used 142994K [0x0000000780000000, 0x0000000800000000)
  region size 1024K, 59 young (60416K), 4 survivors (4096K)
 Metaspace       used 131415K, committed 133568K, reserved 557056K
  class space    used 16974K, committed 17984K, reserved 425984K
}
Event: 76.076 GC heap after
{Heap after GC invocations=137 (full 0):
 garbage-first heap   total reserved 2097152K, committed 157696K, used 87392K [0x0000000780000000, 0x0000000800000000)
  region size 1024K, 5 young (5120K), 5 survivors (5120K)
 Metaspace       used 131415K, committed 133568K, reserved 557056K
  class space    used 16974K, committed 17984K, reserved 425984K
}
Event: 76.336 GC heap before
{Heap before GC invocations=138 (full 0):
 garbage-first heap   total reserved 2097152K, committed 157696K, used 141664K [0x0000000780000000, 0x0000000800000000)
  region size 1024K, 58 young (59392K), 5 survivors (5120K)
 Metaspace       used 131415K, committed 133568K, reserved 557056K
  class space    used 16974K, committed 17984K, reserved 425984K
}
Event: 76.340 GC heap after
{Heap after GC invocations=139 (full 0):
 garbage-first heap   total reserved 2097152K, committed 157696K, used 88020K [0x0000000780000000, 0x0000000800000000)
  region size 1024K, 5 young (5120K), 5 survivors (5120K)
 Metaspace       used 131415K, committed 133568K, reserved 557056K
  class space    used 16974K, committed 17984K, reserved 425984K
}
Event: 76.559 GC heap before
{Heap before GC invocations=139 (full 0):
 garbage-first heap   total reserved 2097152K, committed 157696K, used 142292K [0x0000000780000000, 0x0000000800000000)
  region size 1024K, 58 young (59392K), 5 survivors (5120K)
 Metaspace       used 131415K, committed 133568K, reserved 557056K
  class space    used 16974K, committed 17984K, reserved 425984K
}
Event: 76.575 GC heap after
{Heap after GC invocations=140 (full 0):
 garbage-first heap   total reserved 2097152K, committed 189440K, used 87537K [0x0000000780000000, 0x0000000800000000)
  region size 1024K, 5 young (5120K), 5 survivors (5120K)
 Metaspace       used 131415K, committed 133568K, reserved 557056K
  class space    used 16974K, committed 17984K, reserved 425984K
}
Event: 76.931 GC heap before
{Heap before GC invocations=140 (full 0):
 garbage-first heap   total reserved 2097152K, committed 189440K, used 172529K [0x0000000780000000, 0x0000000800000000)
  region size 1024K, 88 young (90112K), 5 survivors (5120K)
 Metaspace       used 131415K, committed 133568K, reserved 557056K
  class space    used 16974K, committed 17984K, reserved 425984K
}
Event: 76.934 GC heap after
{Heap after GC invocations=141 (full 0):
 garbage-first heap   total reserved 2097152K, committed 189440K, used 88855K [0x0000000780000000, 0x0000000800000000)
  region size 1024K, 7 young (7168K), 7 survivors (7168K)
 Metaspace       used 131415K, committed 133568K, reserved 557056K
  class space    used 16974K, committed 17984K, reserved 425984K
}
Event: 77.280 GC heap before
{Heap before GC invocations=142 (full 0):
 garbage-first heap   total reserved 2097152K, committed 189440K, used 169751K [0x0000000780000000, 0x0000000800000000)
  region size 1024K, 86 young (88064K), 7 survivors (7168K)
 Metaspace       used 131415K, committed 133568K, reserved 557056K
  class space    used 16974K, committed 17984K, reserved 425984K
}
Event: 77.283 GC heap after
{Heap after GC invocations=143 (full 0):
 garbage-first heap   total reserved 2097152K, committed 189440K, used 90104K [0x0000000780000000, 0x0000000800000000)
  region size 1024K, 7 young (7168K), 7 survivors (7168K)
 Metaspace       used 131415K, committed 133568K, reserved 557056K
  class space    used 16974K, committed 17984K, reserved 425984K
}
Event: 77.719 GC heap before
{Heap before GC invocations=143 (full 0):
 garbage-first heap   total reserved 2097152K, committed 189440K, used 171000K [0x0000000780000000, 0x0000000800000000)
  region size 1024K, 86 young (88064K), 7 survivors (7168K)
 Metaspace       used 131415K, committed 133568K, reserved 557056K
  class space    used 16974K, committed 17984K, reserved 425984K
}
Event: 77.724 GC heap after
{Heap after GC invocations=144 (full 0):
 garbage-first heap   total reserved 2097152K, committed 189440K, used 90661K [0x0000000780000000, 0x0000000800000000)
  region size 1024K, 8 young (8192K), 8 survivors (8192K)
 Metaspace       used 131415K, committed 133568K, reserved 557056K
  class space    used 16974K, committed 17984K, reserved 425984K
}
Event: 78.333 GC heap before
{Heap before GC invocations=144 (full 0):
 garbage-first heap   total reserved 2097152K, committed 189440K, used 169509K [0x0000000780000000, 0x0000000800000000)
  region size 1024K, 85 young (87040K), 8 survivors (8192K)
 Metaspace       used 131425K, committed 133568K, reserved 557056K
  class space    used 16974K, committed 17984K, reserved 425984K
}
Event: 78.336 GC heap after
{Heap after GC invocations=145 (full 0):
 garbage-first heap   total reserved 2097152K, committed 189440K, used 90366K [0x0000000780000000, 0x0000000800000000)
  region size 1024K, 6 young (6144K), 6 survivors (6144K)
 Metaspace       used 131425K, committed 133568K, reserved 557056K
  class space    used 16974K, committed 17984K, reserved 425984K
}
Event: 79.276 GC heap before
{Heap before GC invocations=146 (full 0):
 garbage-first heap   total reserved 2097152K, committed 189440K, used 172286K [0x0000000780000000, 0x0000000800000000)
  region size 1024K, 85 young (87040K), 6 survivors (6144K)
 Metaspace       used 132594K, committed 134656K, reserved 557056K
  class space    used 17094K, committed 18048K, reserved 425984K
}
Event: 79.281 GC heap after
{Heap after GC invocations=147 (full 0):
 garbage-first heap   total reserved 2097152K, committed 189440K, used 91569K [0x0000000780000000, 0x0000000800000000)
  region size 1024K, 7 young (7168K), 7 survivors (7168K)
 Metaspace       used 132594K, committed 134656K, reserved 557056K
  class space    used 17094K, committed 18048K, reserved 425984K
}
Event: 80.662 GC heap before
{Heap before GC invocations=147 (full 0):
 garbage-first heap   total reserved 2097152K, committed 189440K, used 170417K [0x0000000780000000, 0x0000000800000000)
  region size 1024K, 84 young (86016K), 7 survivors (7168K)
 Metaspace       used 135396K, committed 137536K, reserved 557056K
  class space    used 17471K, committed 18496K, reserved 425984K
}
Event: 80.675 GC heap after
{Heap after GC invocations=148 (full 0):
 garbage-first heap   total reserved 2097152K, committed 189440K, used 85713K [0x0000000780000000, 0x0000000800000000)
  region size 1024K, 2 young (2048K), 2 survivors (2048K)
 Metaspace       used 135396K, committed 137536K, reserved 557056K
  class space    used 17471K, committed 18496K, reserved 425984K
}
Event: 82.307 GC heap before
{Heap before GC invocations=148 (full 0):
 garbage-first heap   total reserved 2097152K, committed 189440K, used 175825K [0x0000000780000000, 0x0000000800000000)
  region size 1024K, 90 young (92160K), 2 survivors (2048K)
 Metaspace       used 142474K, committed 144640K, reserved 557056K
  class space    used 18346K, committed 19392K, reserved 425984K
}
Event: 82.322 GC heap after
{Heap after GC invocations=149 (full 0):
 garbage-first heap   total reserved 2097152K, committed 189440K, used 91827K [0x0000000780000000, 0x0000000800000000)
  region size 1024K, 8 young (8192K), 8 survivors (8192K)
 Metaspace       used 142474K, committed 144640K, reserved 557056K
  class space    used 18346K, committed 19392K, reserved 425984K
}

